<?xml version="1.0" encoding="UTF-8"?>
<testng-results skipped="0" failed="0" ignored="0" total="1" passed="1">
  <reporter-output>
  </reporter-output>
  <suite name="Suite" duration-ms="8121" started-at="2019-09-28T15:54:29 ICT" finished-at="2019-09-28T15:54:37 ICT">
    <groups>
    </groups>
    <test name="Test" duration-ms="8121" started-at="2019-09-28T15:54:29 ICT" finished-at="2019-09-28T15:54:37 ICT">
      <class name="tests.NewTest">
        <test-method status="PASS" signature="beforeClass()[pri:0, instance:tests.NewTest@15b3e5b]" name="beforeClass" is-config="true" duration-ms="3040" started-at="2019-09-28T15:54:29 ICT" finished-at="2019-09-28T15:54:32 ICT">
          <reporter-output>
          </reporter-output>
        </test-method> <!-- beforeClass -->
        <test-method status="PASS" signature="openMyBlog()[pri:0, instance:tests.NewTest@15b3e5b]" name="openMyBlog" duration-ms="2980" started-at="2019-09-28T15:54:32 ICT" finished-at="2019-09-28T15:54:35 ICT">
          <reporter-output>
          </reporter-output>
        </test-method> <!-- openMyBlog -->
        <test-method status="PASS" signature="afterClass()[pri:0, instance:tests.NewTest@15b3e5b]" name="afterClass" is-config="true" duration-ms="2043" started-at="2019-09-28T15:54:35 ICT" finished-at="2019-09-28T15:54:37 ICT">
          <reporter-output>
          </reporter-output>
        </test-method> <!-- afterClass -->
      </class> <!-- tests.NewTest -->
    </test> <!-- Test -->
  </suite> <!-- Suite -->
</testng-results>
